2023-12-25 01:51:16,209 DEBUG Horse: Создание Horse, имя [Bucephalus], скорость [2.4] 
2023-12-25 01:51:16,211 DEBUG Horse: Создание Horse, имя [Ace of Spades], скорость [2.5] 
2023-12-25 01:51:16,211 DEBUG Horse: Создание Horse, имя [Zephyr], скорость [2.6] 
2023-12-25 01:51:16,211 DEBUG Horse: Создание Horse, имя [Blaze], скорость [2.7] 
2023-12-25 01:51:16,211 DEBUG Horse: Создание Horse, имя [Lobster], скорость [2.8] 
2023-12-25 01:51:16,211 DEBUG Horse: Создание Horse, имя [Pegasus], скорость [2.9] 
2023-12-25 01:51:16,212 DEBUG Horse: Создание Horse, имя [Cherry], скорость [3.0] 
2023-12-25 01:51:16,213 DEBUG Hippodrome: Создание Hippodrome, лошадей [7] 
2023-12-25 01:51:16,213 ERROR Main: Начало скачек. Количество участников: 7 
2023-12-25 01:51:16,832 INFO  Main: Окончание скачек. Победитель: Lobster 
2023-12-25 02:03:18,549 DEBUG Horse: Создание Horse, имя [Bucephalus], скорость [2.4] 
2023-12-25 02:03:18,550 DEBUG Horse: Создание Horse, имя [Ace of Spades], скорость [2.5] 
2023-12-25 02:03:18,550 DEBUG Horse: Создание Horse, имя [Zephyr], скорость [2.6] 
2023-12-25 02:03:18,550 DEBUG Horse: Создание Horse, имя [Blaze], скорость [2.7] 
2023-12-25 02:03:18,550 DEBUG Horse: Создание Horse, имя [Lobster], скорость [2.8] 
2023-12-25 02:03:18,550 DEBUG Horse: Создание Horse, имя [Pegasus], скорость [2.9] 
2023-12-25 02:03:18,551 DEBUG Horse: Создание Horse, имя [Cherry], скорость [3.0] 
2023-12-25 02:03:18,551 DEBUG Hippodrome: Создание Hippodrome, лошадей [7] 
2023-12-25 02:03:18,551 INFO  Main: Начало скачек. Количество участников: 7 
2023-12-25 02:03:19,165 INFO  Main: Окончание скачек. Победитель: Pegasus 
2023-12-25 02:05:27,257 DEBUG Horse: Создание Horse, имя [Bucephalus], скорость [2.4] 
2023-12-25 02:05:27,259 DEBUG Horse: Создание Horse, имя [Ace of Spades], скорость [2.5] 
2023-12-25 02:05:27,259 DEBUG Horse: Создание Horse, имя [Zephyr], скорость [2.6] 
2023-12-25 02:05:27,259 DEBUG Horse: Создание Horse, имя [Blaze], скорость [2.7] 
2023-12-25 02:05:27,259 DEBUG Horse: Создание Horse, имя [Lobster], скорость [2.8] 
2023-12-25 02:05:27,259 DEBUG Horse: Создание Horse, имя [Pegasus], скорость [2.9] 
2023-12-25 02:05:27,259 DEBUG Horse: Создание Horse, имя [Cherry], скорость [3.0] 
2023-12-25 02:05:27,260 DEBUG Hippodrome: Создание Hippodrome, лошадей [7] 
2023-12-25 02:05:27,260 INFO  Main: Начало скачек. Количество участников: 7 
2023-12-25 02:05:27,879 INFO  Main: Окончание скачек. Победитель: Zephyr 
2023-12-25 02:06:00,894 DEBUG Horse: Создание Horse, имя [Bucephalus], скорость [2.4] 
2023-12-25 02:06:00,895 DEBUG Horse: Создание Horse, имя [Ace of Spades], скорость [2.5] 
2023-12-25 02:06:00,895 DEBUG Horse: Создание Horse, имя [Zephyr], скорость [2.6] 
2023-12-25 02:06:00,895 DEBUG Horse: Создание Horse, имя [Blaze], скорость [2.7] 
2023-12-25 02:06:00,895 DEBUG Horse: Создание Horse, имя [Lobster], скорость [2.8] 
2023-12-25 02:06:00,895 DEBUG Horse: Создание Horse, имя [Pegasus], скорость [2.9] 
2023-12-25 02:06:00,895 DEBUG Horse: Создание Horse, имя [Cherry], скорость [3.0] 
2023-12-25 02:06:00,896 DEBUG Hippodrome: Создание Hippodrome, лошадей [7] 
2023-12-25 02:06:00,896 INFO  Main: Начало скачек. Количество участников: 7 
2023-12-25 02:06:01,516 INFO  Main: Окончание скачек. Победитель: Cherry 
2023-12-25 02:06:21,832 DEBUG Horse: Создание Horse, имя [Bucephalus], скорость [2.4] 
2023-12-25 02:06:21,834 DEBUG Horse: Создание Horse, имя [Ace of Spades], скорость [2.5] 
2023-12-25 02:06:21,834 DEBUG Horse: Создание Horse, имя [Zephyr], скорость [2.6] 
2023-12-25 02:06:21,834 DEBUG Horse: Создание Horse, имя [Blaze], скорость [2.7] 
2023-12-25 02:06:21,834 DEBUG Horse: Создание Horse, имя [Lobster], скорость [2.8] 
2023-12-25 02:06:21,834 DEBUG Horse: Создание Horse, имя [Pegasus], скорость [2.9] 
2023-12-25 02:06:21,834 DEBUG Horse: Создание Horse, имя [Cherry], скорость [3.0] 
2023-12-25 02:06:21,835 DEBUG Hippodrome: Создание Hippodrome, лошадей [7] 
2023-12-25 02:06:21,835 INFO  Main: Начало скачек. Количество участников: 7 
2023-12-25 02:06:22,455 INFO  Main: Окончание скачек. Победитель: Ace of Spades 
2023-12-25 02:07:08,156 DEBUG Horse: Создание Horse, имя [Bucephalus], скорость [2.4] 
2023-12-25 02:07:08,157 DEBUG Horse: Создание Horse, имя [Ace of Spades], скорость [2.5] 
2023-12-25 02:07:08,157 DEBUG Horse: Создание Horse, имя [Zephyr], скорость [2.6] 
2023-12-25 02:07:08,158 DEBUG Horse: Создание Horse, имя [Blaze], скорость [2.7] 
2023-12-25 02:07:08,158 DEBUG Horse: Создание Horse, имя [Lobster], скорость [2.8] 
2023-12-25 02:07:08,158 DEBUG Horse: Создание Horse, имя [Pegasus], скорость [2.9] 
2023-12-25 02:07:08,158 DEBUG Horse: Создание Horse, имя [Cherry], скорость [3.0] 
2023-12-25 02:07:08,158 DEBUG Hippodrome: Создание Hippodrome, лошадей [7] 
2023-12-25 02:07:08,158 INFO  Main: Начало скачек. Количество участников: 7 
2023-12-25 02:07:08,784 INFO  Main: Окончание скачек. Победитель: Lobster 
2023-12-25 02:07:15,727 DEBUG Horse: Создание Horse, имя [Bucephalus], скорость [2.4] 
2023-12-25 02:07:15,728 DEBUG Horse: Создание Horse, имя [Ace of Spades], скорость [2.5] 
2023-12-25 02:07:15,728 DEBUG Horse: Создание Horse, имя [Zephyr], скорость [2.6] 
2023-12-25 02:07:15,728 DEBUG Horse: Создание Horse, имя [Blaze], скорость [2.7] 
2023-12-25 02:07:15,728 DEBUG Horse: Создание Horse, имя [Lobster], скорость [2.8] 
2023-12-25 02:07:15,728 DEBUG Horse: Создание Horse, имя [Pegasus], скорость [2.9] 
2023-12-25 02:07:15,728 DEBUG Horse: Создание Horse, имя [Cherry], скорость [3.0] 
2023-12-25 02:07:15,728 DEBUG Hippodrome: Создание Hippodrome, лошадей [7] 
2023-12-25 02:07:15,728 INFO  Main: Начало скачек. Количество участников: 7 
2023-12-25 02:07:16,345 INFO  Main: Окончание скачек. Победитель: Blaze 
2023-12-25 02:07:31,183 DEBUG Horse: Создание Horse, имя [Bucephalus], скорость [2.4] 
2023-12-25 02:07:31,184 DEBUG Horse: Создание Horse, имя [Ace of Spades], скорость [2.5] 
2023-12-25 02:07:31,184 DEBUG Horse: Создание Horse, имя [Zephyr], скорость [2.6] 
2023-12-25 02:07:31,184 DEBUG Horse: Создание Horse, имя [Blaze], скорость [2.7] 
2023-12-25 02:07:31,184 DEBUG Horse: Создание Horse, имя [Lobster], скорость [2.8] 
2023-12-25 02:07:31,184 DEBUG Horse: Создание Horse, имя [Pegasus], скорость [2.9] 
2023-12-25 02:07:31,185 DEBUG Horse: Создание Horse, имя [Cherry], скорость [3.0] 
2023-12-25 02:07:31,185 DEBUG Hippodrome: Создание Hippodrome, лошадей [7] 
2023-12-25 02:07:31,185 INFO  Main: Начало скачек. Количество участников: 7 
2023-12-25 02:07:31,800 INFO  Main: Окончание скачек. Победитель: Blaze 
2023-12-25 02:07:53,514 DEBUG Horse: Создание Horse, имя [Bucephalus], скорость [2.4] 
2023-12-25 02:07:53,515 DEBUG Horse: Создание Horse, имя [Ace of Spades], скорость [2.5] 
2023-12-25 02:07:53,515 DEBUG Horse: Создание Horse, имя [Zephyr], скорость [2.6] 
2023-12-25 02:07:53,516 DEBUG Horse: Создание Horse, имя [Blaze], скорость [2.7] 
2023-12-25 02:07:53,516 DEBUG Horse: Создание Horse, имя [Lobster], скорость [2.8] 
2023-12-25 02:07:53,516 DEBUG Horse: Создание Horse, имя [Pegasus], скорость [2.9] 
2023-12-25 02:07:53,516 DEBUG Horse: Создание Horse, имя [Cherry], скорость [3.0] 
2023-12-25 02:07:53,516 DEBUG Hippodrome: Создание Hippodrome, лошадей [7] 
2023-12-25 02:07:53,517 INFO  Main: Начало скачек. Количество участников: 7 
2023-12-25 02:07:55,563 INFO  Main: Окончание скачек. Победитель: Cherry 
2023-12-25 02:08:03,566 DEBUG Horse: Создание Horse, имя [Bucephalus], скорость [2.4] 
2023-12-25 02:08:03,567 DEBUG Horse: Создание Horse, имя [Ace of Spades], скорость [2.5] 
2023-12-25 02:08:03,567 DEBUG Horse: Создание Horse, имя [Zephyr], скорость [2.6] 
2023-12-25 02:08:03,567 DEBUG Horse: Создание Horse, имя [Blaze], скорость [2.7] 
2023-12-25 02:08:03,567 DEBUG Horse: Создание Horse, имя [Lobster], скорость [2.8] 
2023-12-25 02:08:03,567 DEBUG Horse: Создание Horse, имя [Pegasus], скорость [2.9] 
2023-12-25 02:08:03,567 DEBUG Horse: Создание Horse, имя [Cherry], скорость [3.0] 
2023-12-25 02:08:03,568 DEBUG Hippodrome: Создание Hippodrome, лошадей [7] 
2023-12-25 02:08:03,568 INFO  Main: Начало скачек. Количество участников: 7 
2023-12-25 02:08:05,622 INFO  Main: Окончание скачек. Победитель: Cherry 
2023-12-25 02:09:44,473 DEBUG Horse: Создание Horse, имя [Bucephalus], скорость [2.4] 
2023-12-25 02:09:44,475 DEBUG Horse: Создание Horse, имя [Ace of Spades], скорость [2.5] 
2023-12-25 02:09:44,475 DEBUG Horse: Создание Horse, имя [Zephyr], скорость [2.6] 
2023-12-25 02:09:44,475 DEBUG Horse: Создание Horse, имя [Blaze], скорость [2.7] 
2023-12-25 02:09:44,475 DEBUG Horse: Создание Horse, имя [Lobster], скорость [2.8] 
2023-12-25 02:09:44,475 DEBUG Horse: Создание Horse, имя [Pegasus], скорость [2.9] 
2023-12-25 02:09:44,475 DEBUG Horse: Создание Horse, имя [Cherry], скорость [3.0] 
2023-12-25 02:09:44,475 DEBUG Hippodrome: Создание Hippodrome, лошадей [7] 
2023-12-25 02:09:44,475 INFO  Main: Начало скачек. Количество участников: 7 
2023-12-25 02:09:46,517 INFO  Main: Окончание скачек. Победитель: Cherry 
2023-12-25 02:13:17,943 DEBUG Horse: Создание Horse, имя [Bucephalus], скорость [2.4] 
2023-12-25 02:13:17,945 DEBUG Horse: Создание Horse, имя [Ace of Spades], скорость [2.5] 
2023-12-25 02:13:17,945 DEBUG Horse: Создание Horse, имя [Zephyr], скорость [2.6] 
2023-12-25 02:13:17,945 DEBUG Horse: Создание Horse, имя [Blaze], скорость [2.7] 
2023-12-25 02:13:17,945 DEBUG Horse: Создание Horse, имя [Lobster], скорость [2.8] 
2023-12-25 02:13:17,945 DEBUG Horse: Создание Horse, имя [Pegasus], скорость [2.9] 
2023-12-25 02:13:17,945 DEBUG Horse: Создание Horse, имя [Cherry], скорость [3.0] 
2023-12-25 02:13:17,946 DEBUG Hippodrome: Создание Hippodrome, лошадей [7] 
2023-12-25 02:13:17,946 INFO  Main: Начало скачек. Количество участников: 7 
2023-12-25 02:13:20,000 INFO  Main: Окончание скачек. Победитель: Lobster 
2023-12-25 02:26:02,700 INFO  Main: Начало скачек. Количество участников: 7 
2023-12-25 02:26:04,756 INFO  Main: Окончание скачек. Победитель: Cherry 
2023-12-25 02:26:21,508 DEBUG Horse: Создание Horse, имя [Bucephalus], скорость [2.4] 
2023-12-25 02:26:21,510 DEBUG Horse: Создание Horse, имя [Ace of Spades], скорость [2.5] 
2023-12-25 02:26:21,510 DEBUG Horse: Создание Horse, имя [Zephyr], скорость [2.6] 
2023-12-25 02:26:21,510 DEBUG Horse: Создание Horse, имя [Blaze], скорость [2.7] 
2023-12-25 02:26:21,511 DEBUG Horse: Создание Horse, имя [Lobster], скорость [2.8] 
2023-12-25 02:26:21,511 DEBUG Horse: Создание Horse, имя [Pegasus], скорость [2.9] 
2023-12-25 02:26:21,511 DEBUG Horse: Создание Horse, имя [Cherry], скорость [3.0] 
2023-12-25 02:26:21,511 DEBUG Hippodrome: Создание Hippodrome, лошадей [7] 
2023-12-25 02:26:21,511 INFO  Main: Начало скачек. Количество участников: 7 
2023-12-25 02:26:23,555 INFO  Main: Окончание скачек. Победитель: Pegasus 
2023-12-25 02:30:31,365 DEBUG Horse: Создание Horse, имя [Bucephalus], скорость [2.4] 
2023-12-25 02:30:31,367 DEBUG Horse: Создание Horse, имя [Ace of Spades], скорость [2.5] 
2023-12-25 02:30:31,367 DEBUG Horse: Создание Horse, имя [Zephyr], скорость [2.6] 
2023-12-25 02:30:31,367 DEBUG Horse: Создание Horse, имя [Blaze], скорость [2.7] 
2023-12-25 02:30:31,367 DEBUG Horse: Создание Horse, имя [Lobster], скорость [2.8] 
2023-12-25 02:30:31,367 DEBUG Horse: Создание Horse, имя [Pegasus], скорость [2.9] 
2023-12-25 02:30:31,367 DEBUG Horse: Создание Horse, имя [Cherry], скорость [3.0] 
2023-12-25 02:30:31,367 DEBUG Hippodrome: Создание Hippodrome, лошадей [7] 
2023-12-25 02:30:31,367 INFO  Main: Начало скачек. Количество участников: 7 
2023-12-25 02:30:33,414 INFO  Main: Окончание скачек. Победитель: Cherry 
2023-12-25 02:32:28,807 DEBUG Horse: Создание Horse, имя [Bucephalus], скорость [2.4] 
2023-12-25 02:32:28,808 DEBUG Horse: Создание Horse, имя [Ace of Spades], скорость [2.5] 
2023-12-25 02:32:28,808 DEBUG Horse: Создание Horse, имя [Zephyr], скорость [2.6] 
2023-12-25 02:32:28,808 DEBUG Horse: Создание Horse, имя [Blaze], скорость [2.7] 
2023-12-25 02:32:28,808 DEBUG Horse: Создание Horse, имя [Lobster], скорость [2.8] 
2023-12-25 02:32:28,808 DEBUG Horse: Создание Horse, имя [Pegasus], скорость [2.9] 
2023-12-25 02:32:28,808 DEBUG Horse: Создание Horse, имя [Cherry], скорость [3.0] 
2023-12-25 02:32:28,810 DEBUG Hippodrome: Создание Hippodrome, лошадей [7] 
2023-12-25 02:32:28,810 INFO  Main: Начало скачек. Количество участников: 7 
2023-12-25 02:32:30,864 INFO  Main: Окончание скачек. Победитель: Pegasus 
2023-12-25 02:33:52,774 DEBUG Horse: Создание Horse, имя [Bucephalus], скорость [2.4] 
2023-12-25 02:33:52,775 DEBUG Horse: Создание Horse, имя [Ace of Spades], скорость [2.5] 
2023-12-25 02:33:52,775 DEBUG Horse: Создание Horse, имя [Zephyr], скорость [2.6] 
2023-12-25 02:33:52,775 DEBUG Horse: Создание Horse, имя [Blaze], скорость [2.7] 
2023-12-25 02:33:52,775 DEBUG Horse: Создание Horse, имя [Lobster], скорость [2.8] 
2023-12-25 02:33:52,775 DEBUG Horse: Создание Horse, имя [Pegasus], скорость [2.9] 
2023-12-25 02:33:52,775 DEBUG Horse: Создание Horse, имя [Cherry], скорость [3.0] 
2023-12-25 02:33:52,776 DEBUG Hippodrome: Создание Hippodrome, лошадей [7] 
2023-12-25 02:33:52,776 INFO  Main: Начало скачек. Количество участников: 7 
2023-12-25 02:33:54,829 INFO  Main: Окончание скачек. Победитель: Lobster 
2023-12-25 02:34:27,602 DEBUG Horse: Создание Horse, имя [HEKOHb], скорость [12.0] 
2023-12-25 02:34:27,606 ERROR Horse: Name is null 
2023-12-25 02:34:27,625 ERROR Horse: Name is blank 
2023-12-25 02:34:27,627 ERROR Horse: Name is blank 
2023-12-25 02:34:27,629 ERROR Horse: Name is blank 
2023-12-25 02:34:27,631 ERROR Horse: Name is blank 
2023-12-25 02:34:27,632 ERROR Horse: Name is blank 
2023-12-25 02:34:27,634 ERROR Horse: Name is blank 
2023-12-25 02:34:27,636 ERROR Horse: Name is blank 
2023-12-25 02:34:28,091 DEBUG Horse: Создание Horse, имя [KOHb], скорость [15.0] 
2023-12-25 02:34:28,104 DEBUG Horse: Создание Horse, имя [KOHb], скорость [15.0] 
2023-12-25 02:34:28,108 DEBUG Horse: Создание Horse, имя [KOHb], скорость [15.0] 
2023-12-25 02:34:28,111 DEBUG Horse: Создание Horse, имя [KOHb], скорость [15.0] 
2023-12-25 02:34:28,115 DEBUG Horse: Создание Horse, имя [KOHb], скорость [15.0] 
2023-12-25 02:34:28,119 DEBUG Horse: Создание Horse, имя [KOHb], скорость [15.0] 
2023-12-25 02:34:28,121 ERROR Horse: Speed is negative 
2023-12-25 02:34:28,123 ERROR Horse: Speed is negative 
2023-12-25 02:34:28,125 DEBUG Horse: Создание Horse, имя [HEKOHb], скорость [12.0] 
2023-12-25 02:34:28,126 DEBUG Horse: Создание Horse, имя [HEKOHb], скорость [12.0] 
2023-12-25 02:34:28,130 ERROR Horse: Name is blank 
2023-12-25 02:34:28,132 ERROR Horse: Name is blank 
2023-12-25 02:34:28,134 ERROR Horse: Name is blank 
2023-12-25 02:34:28,136 ERROR Horse: Name is blank 
2023-12-25 02:34:28,138 ERROR Horse: Name is blank 
2023-12-25 02:34:28,139 ERROR Horse: Name is blank 
2023-12-25 02:34:28,141 ERROR Horse: Name is blank 
2023-12-25 02:34:28,142 ERROR Horse: Distance is negative 
2023-12-25 02:34:28,144 ERROR Horse: Name is null 
2023-12-25 02:34:28,145 ERROR Horse: Distance is negative 
2023-12-25 02:34:28,146 DEBUG Horse: Создание Horse, имя [KOHb], скорость [443.0] 
2023-12-25 02:34:28,148 DEBUG Horse: Создание Horse, имя [HEKOHb], скорость [12.0] 
2023-12-25 02:34:28,154 ERROR Hippodrome: Horses list is empty 
2023-12-25 02:34:28,155 ERROR Hippodrome: Horses list is null 
2023-12-25 02:34:28,157 DEBUG Horse: Создание Horse, имя [12], скорость [12.0] 
2023-12-25 02:34:28,157 DEBUG Horse: Создание Horse, имя [123], скорость [10.0] 
2023-12-25 02:34:28,157 DEBUG Horse: Создание Horse, имя [1234], скорость [2.0] 
2023-12-25 02:34:28,157 DEBUG Horse: Создание Horse, имя [12345], скорость [4.0] 
2023-12-25 02:34:28,157 DEBUG Horse: Создание Horse, имя [123456], скорость [6.0] 
2023-12-25 02:34:28,157 DEBUG Hippodrome: Создание Hippodrome, лошадей [5] 
2023-12-25 02:34:28,196 DEBUG Hippodrome: Создание Hippodrome, лошадей [50] 
2023-12-25 02:34:28,208 ERROR Hippodrome: Horses list is empty 
2023-12-25 02:34:28,209 DEBUG Horse: Создание Horse, имя [0.8286359992925635], скорость [0.9588304358271141] 
2023-12-25 02:34:28,210 DEBUG Horse: Создание Horse, имя [0.32504796929464697], скорость [0.17755404943801] 
2023-12-25 02:34:28,210 DEBUG Horse: Создание Horse, имя [0.38959234084511374], скорость [0.6414297411267805] 
2023-12-25 02:34:28,210 DEBUG Horse: Создание Horse, имя [0.38555989521974177], скорость [0.10290452908314884] 
2023-12-25 02:34:28,210 DEBUG Horse: Создание Horse, имя [0.1437608860793952], скорость [0.4077137378315794] 
2023-12-25 02:34:28,210 DEBUG Horse: Создание Horse, имя [0.534657503753937], скорость [0.4816442115928219] 
2023-12-25 02:34:28,210 DEBUG Horse: Создание Horse, имя [0.11492468004619993], скорость [0.7637276873893067] 
2023-12-25 02:34:28,210 DEBUG Horse: Создание Horse, имя [0.248994766509959], скорость [0.8056368486547085] 
2023-12-25 02:34:28,210 DEBUG Horse: Создание Horse, имя [0.020755744901892026], скорость [0.2951499589095069] 
2023-12-25 02:34:28,210 DEBUG Horse: Создание Horse, имя [0.20048239429271764], скорость [0.6168793435368095] 
2023-12-25 02:34:28,210 DEBUG Horse: Создание Horse, имя [0.979782671101339], скорость [0.7848005623157415] 
2023-12-25 02:34:28,210 DEBUG Horse: Создание Horse, имя [0.43638851842880677], скорость [0.13368529456276323] 
2023-12-25 02:34:28,210 DEBUG Horse: Создание Horse, имя [0.8290386556225139], скорость [0.1373678880728071] 
2023-12-25 02:34:28,210 DEBUG Horse: Создание Horse, имя [0.7440568908899816], скорость [0.47698294598788227] 
2023-12-25 02:34:28,211 DEBUG Horse: Создание Horse, имя [0.9962174970499087], скорость [0.91134952340352] 
2023-12-25 02:34:28,211 DEBUG Horse: Создание Horse, имя [0.7687442601868908], скорость [0.05251586934144492] 
2023-12-25 02:34:28,211 DEBUG Horse: Создание Horse, имя [0.7197779763235301], скорость [0.4773542804026325] 
2023-12-25 02:34:28,211 DEBUG Horse: Создание Horse, имя [0.9198481755382273], скорость [0.5872444932148709] 
2023-12-25 02:34:28,211 DEBUG Horse: Создание Horse, имя [0.24460861431199188], скорость [0.8884129947662932] 
2023-12-25 02:34:28,211 DEBUG Horse: Создание Horse, имя [0.5506599055704186], скорость [0.20429626160256964] 
2023-12-25 02:34:28,211 DEBUG Horse: Создание Horse, имя [0.44838298463215087], скорость [0.8846514703516091] 
2023-12-25 02:34:28,211 DEBUG Horse: Создание Horse, имя [0.26821082529076645], скорость [0.7904466617772844] 
2023-12-25 02:34:28,211 DEBUG Horse: Создание Horse, имя [0.6052658483999334], скорость [0.7813109941742233] 
2023-12-25 02:34:28,211 DEBUG Horse: Создание Horse, имя [0.5081348654667225], скорость [0.7252399844771573] 
2023-12-25 02:34:28,211 DEBUG Horse: Создание Horse, имя [0.7717099344246622], скорость [0.5722668553824541] 
2023-12-25 02:34:28,211 DEBUG Horse: Создание Horse, имя [0.9769724138605187], скорость [0.9352731268488265] 
2023-12-25 02:34:28,211 DEBUG Horse: Создание Horse, имя [0.6081278134729895], скорость [0.4843666501086824] 
2023-12-25 02:34:28,211 DEBUG Horse: Создание Horse, имя [0.05009298512872884], скорость [0.7665264678959574] 
2023-12-25 02:34:28,211 DEBUG Horse: Создание Horse, имя [0.5265208625773561], скорость [0.5514405149508742] 
2023-12-25 02:34:28,211 DEBUG Horse: Создание Horse, имя [0.34339257757536856], скорость [0.5594758231276337] 
2023-12-25 02:34:28,211 DEBUG Hippodrome: Создание Hippodrome, лошадей [30] 
2023-12-25 02:34:28,213 ERROR Hippodrome: Horses list is null 
2023-12-25 02:35:35,328 DEBUG Horse: Создание Horse, имя [HEKOHb], скорость [12.0] 
2023-12-25 02:35:35,332 ERROR Horse: Name is null 
2023-12-25 02:35:35,348 ERROR Horse: Name is blank 
2023-12-25 02:35:35,351 ERROR Horse: Name is blank 
2023-12-25 02:35:35,352 ERROR Horse: Name is blank 
2023-12-25 02:35:35,354 ERROR Horse: Name is blank 
2023-12-25 02:35:35,355 ERROR Horse: Name is blank 
2023-12-25 02:35:35,357 ERROR Horse: Name is blank 
2023-12-25 02:35:35,358 ERROR Horse: Name is blank 
2023-12-25 02:35:35,781 DEBUG Horse: Создание Horse, имя [KOHb], скорость [15.0] 
2023-12-25 02:35:35,792 DEBUG Horse: Создание Horse, имя [KOHb], скорость [15.0] 
2023-12-25 02:35:35,796 DEBUG Horse: Создание Horse, имя [KOHb], скорость [15.0] 
2023-12-25 02:35:35,799 DEBUG Horse: Создание Horse, имя [KOHb], скорость [15.0] 
2023-12-25 02:35:35,803 DEBUG Horse: Создание Horse, имя [KOHb], скорость [15.0] 
2023-12-25 02:35:35,808 DEBUG Horse: Создание Horse, имя [KOHb], скорость [15.0] 
2023-12-25 02:35:35,811 ERROR Horse: Speed is negative 
2023-12-25 02:35:35,813 ERROR Horse: Speed is negative 
2023-12-25 02:35:35,815 DEBUG Horse: Создание Horse, имя [HEKOHb], скорость [12.0] 
2023-12-25 02:35:35,816 DEBUG Horse: Создание Horse, имя [HEKOHb], скорость [12.0] 
2023-12-25 02:35:35,820 ERROR Horse: Name is blank 
2023-12-25 02:35:35,822 ERROR Horse: Name is blank 
2023-12-25 02:35:35,823 ERROR Horse: Name is blank 
2023-12-25 02:35:35,825 ERROR Horse: Name is blank 
2023-12-25 02:35:35,826 ERROR Horse: Name is blank 
2023-12-25 02:35:35,827 ERROR Horse: Name is blank 
2023-12-25 02:35:35,829 ERROR Horse: Name is blank 
2023-12-25 02:35:35,830 ERROR Horse: Distance is negative 
2023-12-25 02:35:35,831 ERROR Horse: Name is null 
2023-12-25 02:35:35,833 ERROR Horse: Distance is negative 
2023-12-25 02:35:35,834 DEBUG Horse: Создание Horse, имя [KOHb], скорость [443.0] 
2023-12-25 02:35:35,835 DEBUG Horse: Создание Horse, имя [HEKOHb], скорость [12.0] 
2023-12-25 02:35:35,841 ERROR Hippodrome: Horses list is empty 
2023-12-25 02:35:35,842 ERROR Hippodrome: Horses list is null 
2023-12-25 02:35:35,842 DEBUG Horse: Создание Horse, имя [12], скорость [12.0] 
2023-12-25 02:35:35,843 DEBUG Horse: Создание Horse, имя [123], скорость [10.0] 
2023-12-25 02:35:35,843 DEBUG Horse: Создание Horse, имя [1234], скорость [2.0] 
2023-12-25 02:35:35,844 DEBUG Horse: Создание Horse, имя [12345], скорость [4.0] 
2023-12-25 02:35:35,844 DEBUG Horse: Создание Horse, имя [123456], скорость [6.0] 
2023-12-25 02:35:35,848 DEBUG Hippodrome: Создание Hippodrome, лошадей [5] 
2023-12-25 02:35:35,880 DEBUG Hippodrome: Создание Hippodrome, лошадей [50] 
2023-12-25 02:35:35,893 ERROR Hippodrome: Horses list is empty 
2023-12-25 02:35:35,895 DEBUG Horse: Создание Horse, имя [0.4693230070412746], скорость [0.0014168946602451937] 
2023-12-25 02:35:35,895 DEBUG Horse: Создание Horse, имя [0.6513516582412955], скорость [0.367818980945681] 
2023-12-25 02:35:35,895 DEBUG Horse: Создание Horse, имя [0.24846516189967394], скорость [0.2894848629914708] 
2023-12-25 02:35:35,895 DEBUG Horse: Создание Horse, имя [0.17772932339384218], скорость [0.7496794387542501] 
2023-12-25 02:35:35,895 DEBUG Horse: Создание Horse, имя [0.4762676686106091], скорость [0.47624783841338936] 
2023-12-25 02:35:35,895 DEBUG Horse: Создание Horse, имя [0.4980164039433024], скорость [0.4531385017485601] 
2023-12-25 02:35:35,895 DEBUG Horse: Создание Horse, имя [0.3738112437342226], скорость [0.057323633559130505] 
2023-12-25 02:35:35,895 DEBUG Horse: Создание Horse, имя [0.5745704688979765], скорость [0.030291890397282528] 
2023-12-25 02:35:35,895 DEBUG Horse: Создание Horse, имя [0.7147715120302206], скорость [0.24702584070452582] 
2023-12-25 02:35:35,895 DEBUG Horse: Создание Horse, имя [0.8317126121971484], скорость [0.5443168840541499] 
2023-12-25 02:35:35,895 DEBUG Horse: Создание Horse, имя [0.9881911031135069], скорость [0.8144597765185221] 
2023-12-25 02:35:35,895 DEBUG Horse: Создание Horse, имя [0.7223459483697602], скорость [0.2661301362746854] 
2023-12-25 02:35:35,895 DEBUG Horse: Создание Horse, имя [0.9704625430892893], скорость [0.8108285871839034] 
2023-12-25 02:35:35,895 DEBUG Horse: Создание Horse, имя [0.5926030386079233], скорость [0.21134071828475698] 
2023-12-25 02:35:35,895 DEBUG Horse: Создание Horse, имя [0.13606755234334045], скорость [0.4258117927756395] 
2023-12-25 02:35:35,896 DEBUG Horse: Создание Horse, имя [0.7629985470721501], скорость [0.7582234117542636] 
2023-12-25 02:35:35,896 DEBUG Horse: Создание Horse, имя [6.838946563009207E-4], скорость [0.94760729082514] 
2023-12-25 02:35:35,896 DEBUG Horse: Создание Horse, имя [0.5101628252315545], скорость [0.9068998952297938] 
2023-12-25 02:35:35,896 DEBUG Horse: Создание Horse, имя [0.23264605711017994], скорость [0.22905749572893175] 
2023-12-25 02:35:35,896 DEBUG Horse: Создание Horse, имя [0.7256727277290879], скорость [0.09666878181720773] 
2023-12-25 02:35:35,896 DEBUG Horse: Создание Horse, имя [0.6982166478863053], скорость [0.10406302297957204] 
2023-12-25 02:35:35,896 DEBUG Horse: Создание Horse, имя [0.8862577707963474], скорость [0.4325119045690615] 
2023-12-25 02:35:35,896 DEBUG Horse: Создание Horse, имя [0.4533596096753367], скорость [0.07394828870306613] 
2023-12-25 02:35:35,896 DEBUG Horse: Создание Horse, имя [0.0780926234021917], скорость [0.14513548658129383] 
2023-12-25 02:35:35,896 DEBUG Horse: Создание Horse, имя [0.6622378458463019], скорость [0.05918620542861042] 
2023-12-25 02:35:35,896 DEBUG Horse: Создание Horse, имя [0.9592172373530964], скорость [0.7552712426271365] 
2023-12-25 02:35:35,896 DEBUG Horse: Создание Horse, имя [0.03490679677834807], скорость [0.6513889600749802] 
2023-12-25 02:35:35,896 DEBUG Horse: Создание Horse, имя [0.047456703828971714], скорость [0.7880268426097597] 
2023-12-25 02:35:35,897 DEBUG Horse: Создание Horse, имя [0.32992541000758935], скорость [0.7140796266889144] 
2023-12-25 02:35:35,897 DEBUG Horse: Создание Horse, имя [0.712518530912988], скорость [0.7143780291573107] 
2023-12-25 02:35:35,897 DEBUG Hippodrome: Создание Hippodrome, лошадей [30] 
2023-12-25 02:35:35,898 ERROR Hippodrome: Horses list is null 
2023-12-25 02:36:08,561 DEBUG Horse: Создание Horse, имя [HEKOHb], скорость [12.0] 
2023-12-25 02:36:08,565 ERROR Horse: Name is null 
2023-12-25 02:36:08,581 ERROR Horse: Name is blank 
2023-12-25 02:36:08,584 ERROR Horse: Name is blank 
2023-12-25 02:36:08,585 ERROR Horse: Name is blank 
2023-12-25 02:36:08,587 ERROR Horse: Name is blank 
2023-12-25 02:36:08,589 ERROR Horse: Name is blank 
2023-12-25 02:36:08,590 ERROR Horse: Name is blank 
2023-12-25 02:36:08,592 ERROR Horse: Name is blank 
2023-12-25 02:36:09,013 DEBUG Horse: Создание Horse, имя [KOHb], скорость [15.0] 
2023-12-25 02:36:09,024 DEBUG Horse: Создание Horse, имя [KOHb], скорость [15.0] 
2023-12-25 02:36:09,028 DEBUG Horse: Создание Horse, имя [KOHb], скорость [15.0] 
2023-12-25 02:36:09,031 DEBUG Horse: Создание Horse, имя [KOHb], скорость [15.0] 
2023-12-25 02:36:09,034 DEBUG Horse: Создание Horse, имя [KOHb], скорость [15.0] 
2023-12-25 02:36:09,037 DEBUG Horse: Создание Horse, имя [KOHb], скорость [15.0] 
2023-12-25 02:36:09,040 ERROR Horse: Speed is negative 
2023-12-25 02:36:09,041 ERROR Horse: Speed is negative 
2023-12-25 02:36:09,043 DEBUG Horse: Создание Horse, имя [HEKOHb], скорость [12.0] 
2023-12-25 02:36:09,044 DEBUG Horse: Создание Horse, имя [HEKOHb], скорость [12.0] 
2023-12-25 02:36:09,047 ERROR Horse: Name is blank 
2023-12-25 02:36:09,049 ERROR Horse: Name is blank 
2023-12-25 02:36:09,050 ERROR Horse: Name is blank 
2023-12-25 02:36:09,052 ERROR Horse: Name is blank 
2023-12-25 02:36:09,053 ERROR Horse: Name is blank 
2023-12-25 02:36:09,055 ERROR Horse: Name is blank 
2023-12-25 02:36:09,056 ERROR Horse: Name is blank 
2023-12-25 02:36:09,058 ERROR Horse: Distance is negative 
2023-12-25 02:36:09,059 ERROR Horse: Name is null 
2023-12-25 02:36:09,060 ERROR Horse: Distance is negative 
2023-12-25 02:36:09,061 DEBUG Horse: Создание Horse, имя [KOHb], скорость [443.0] 
2023-12-25 02:36:09,062 DEBUG Horse: Создание Horse, имя [HEKOHb], скорость [12.0] 
2023-12-25 02:36:09,070 ERROR Hippodrome: Horses list is empty 
2023-12-25 02:36:09,071 ERROR Hippodrome: Horses list is null 
2023-12-25 02:36:09,072 DEBUG Horse: Создание Horse, имя [12], скорость [12.0] 
2023-12-25 02:36:09,072 DEBUG Horse: Создание Horse, имя [123], скорость [10.0] 
2023-12-25 02:36:09,072 DEBUG Horse: Создание Horse, имя [1234], скорость [2.0] 
2023-12-25 02:36:09,072 DEBUG Horse: Создание Horse, имя [12345], скорость [4.0] 
2023-12-25 02:36:09,072 DEBUG Horse: Создание Horse, имя [123456], скорость [6.0] 
2023-12-25 02:36:09,072 DEBUG Hippodrome: Создание Hippodrome, лошадей [5] 
2023-12-25 02:36:09,106 DEBUG Hippodrome: Создание Hippodrome, лошадей [50] 
2023-12-25 02:36:09,119 ERROR Hippodrome: Horses list is empty 
2023-12-25 02:36:09,121 DEBUG Horse: Создание Horse, имя [0.10436062382165856], скорость [0.3297920187772959] 
2023-12-25 02:36:09,121 DEBUG Horse: Создание Horse, имя [0.8966960542713385], скорость [0.418184050081024] 
2023-12-25 02:36:09,121 DEBUG Horse: Создание Horse, имя [0.09947203415310601], скорость [0.6460638007379282] 
2023-12-25 02:36:09,121 DEBUG Horse: Создание Horse, имя [0.07365724093849613], скорость [0.08550921371501663] 
2023-12-25 02:36:09,121 DEBUG Horse: Создание Horse, имя [0.043906987865688474], скорость [0.3967499993237046] 
2023-12-25 02:36:09,121 DEBUG Horse: Создание Horse, имя [0.23543373997456896], скорость [0.9797746975774514] 
2023-12-25 02:36:09,121 DEBUG Horse: Создание Horse, имя [0.5470322812484254], скорость [0.4669141382343521] 
2023-12-25 02:36:09,122 DEBUG Horse: Создание Horse, имя [0.6870925033405647], скорость [0.6619620405866466] 
2023-12-25 02:36:09,122 DEBUG Horse: Создание Horse, имя [0.18607606781274255], скорость [0.15763482913404903] 
2023-12-25 02:36:09,122 DEBUG Horse: Создание Horse, имя [0.04294113015119949], скорость [0.11208709092105618] 
2023-12-25 02:36:09,122 DEBUG Horse: Создание Horse, имя [0.413815216263578], скорость [0.8071028996648767] 
2023-12-25 02:36:09,122 DEBUG Horse: Создание Horse, имя [0.5959287670757486], скорость [0.7396036188465609] 
2023-12-25 02:36:09,122 DEBUG Horse: Создание Horse, имя [0.1563826321075915], скорость [0.0510538687849974] 
2023-12-25 02:36:09,122 DEBUG Horse: Создание Horse, имя [0.12503456713987193], скорость [0.3486656695353466] 
2023-12-25 02:36:09,122 DEBUG Horse: Создание Horse, имя [0.27585833285944583], скорость [0.7002444647212623] 
2023-12-25 02:36:09,122 DEBUG Horse: Создание Horse, имя [0.4468086899421281], скорость [0.4891912682808429] 
2023-12-25 02:36:09,122 DEBUG Horse: Создание Horse, имя [0.052825868396216946], скорость [0.29406045195034114] 
2023-12-25 02:36:09,122 DEBUG Horse: Создание Horse, имя [0.536415656362693], скорость [0.250329393200184] 
2023-12-25 02:36:09,122 DEBUG Horse: Создание Horse, имя [0.5300991942590018], скорость [0.6425363166450058] 
2023-12-25 02:36:09,122 DEBUG Horse: Создание Horse, имя [0.999176156737317], скорость [0.3508947363429571] 
2023-12-25 02:36:09,122 DEBUG Horse: Создание Horse, имя [0.5646123793937744], скорость [0.09114462705371273] 
2023-12-25 02:36:09,122 DEBUG Horse: Создание Horse, имя [0.7659074465104035], скорость [0.37210703133527456] 
2023-12-25 02:36:09,122 DEBUG Horse: Создание Horse, имя [0.8586475278341703], скорость [0.6901188654794853] 
2023-12-25 02:36:09,122 DEBUG Horse: Создание Horse, имя [0.42389517463832727], скорость [0.16643670058138238] 
2023-12-25 02:36:09,122 DEBUG Horse: Создание Horse, имя [0.9171623264559788], скорость [0.8886314069509149] 
2023-12-25 02:36:09,123 DEBUG Horse: Создание Horse, имя [0.7490345346928108], скорость [0.10177423776200911] 
2023-12-25 02:36:09,123 DEBUG Horse: Создание Horse, имя [0.6223527398118648], скорость [0.12904908669678805] 
2023-12-25 02:36:09,123 DEBUG Horse: Создание Horse, имя [0.05187831353978256], скорость [0.5861405507618753] 
2023-12-25 02:36:09,123 DEBUG Horse: Создание Horse, имя [0.9815036309815502], скорость [0.7223069891610748] 
2023-12-25 02:36:09,123 DEBUG Horse: Создание Horse, имя [0.5287174707495171], скорость [0.722745506692189] 
2023-12-25 02:36:09,123 DEBUG Hippodrome: Создание Hippodrome, лошадей [30] 
2023-12-25 02:36:09,124 ERROR Hippodrome: Horses list is null 
2023-12-25 02:36:21,949 DEBUG Horse: Создание Horse, имя [HEKOHb], скорость [12.0] 
2023-12-25 02:36:21,954 ERROR Horse: Name is null 
2023-12-25 02:36:21,969 ERROR Horse: Name is blank 
2023-12-25 02:36:21,972 ERROR Horse: Name is blank 
2023-12-25 02:36:21,973 ERROR Horse: Name is blank 
2023-12-25 02:36:21,975 ERROR Horse: Name is blank 
2023-12-25 02:36:21,977 ERROR Horse: Name is blank 
2023-12-25 02:36:21,978 ERROR Horse: Name is blank 
2023-12-25 02:36:21,980 ERROR Horse: Name is blank 
2023-12-25 02:36:22,430 DEBUG Horse: Создание Horse, имя [KOHb], скорость [15.0] 
2023-12-25 02:36:22,442 DEBUG Horse: Создание Horse, имя [KOHb], скорость [15.0] 
2023-12-25 02:36:22,445 DEBUG Horse: Создание Horse, имя [KOHb], скорость [15.0] 
2023-12-25 02:36:22,449 DEBUG Horse: Создание Horse, имя [KOHb], скорость [15.0] 
2023-12-25 02:36:22,452 DEBUG Horse: Создание Horse, имя [KOHb], скорость [15.0] 
2023-12-25 02:36:22,455 DEBUG Horse: Создание Horse, имя [KOHb], скорость [15.0] 
2023-12-25 02:36:22,457 ERROR Horse: Speed is negative 
2023-12-25 02:36:22,459 ERROR Horse: Speed is negative 
2023-12-25 02:36:22,460 DEBUG Horse: Создание Horse, имя [HEKOHb], скорость [12.0] 
2023-12-25 02:36:22,461 DEBUG Horse: Создание Horse, имя [HEKOHb], скорость [12.0] 
2023-12-25 02:36:22,465 ERROR Horse: Name is blank 
2023-12-25 02:36:22,466 ERROR Horse: Name is blank 
2023-12-25 02:36:22,468 ERROR Horse: Name is blank 
2023-12-25 02:36:22,470 ERROR Horse: Name is blank 
2023-12-25 02:36:22,472 ERROR Horse: Name is blank 
2023-12-25 02:36:22,473 ERROR Horse: Name is blank 
2023-12-25 02:36:22,474 ERROR Horse: Name is blank 
2023-12-25 02:36:22,476 ERROR Horse: Distance is negative 
2023-12-25 02:36:22,477 ERROR Horse: Name is null 
2023-12-25 02:36:22,479 ERROR Horse: Distance is negative 
2023-12-25 02:36:22,480 DEBUG Horse: Создание Horse, имя [KOHb], скорость [443.0] 
2023-12-25 02:36:22,481 DEBUG Horse: Создание Horse, имя [HEKOHb], скорость [12.0] 
2023-12-25 02:36:22,487 ERROR Hippodrome: Horses list is empty 
2023-12-25 02:36:22,488 ERROR Hippodrome: Horses list is null 
2023-12-25 02:36:22,489 DEBUG Horse: Создание Horse, имя [12], скорость [12.0] 
2023-12-25 02:36:22,489 DEBUG Horse: Создание Horse, имя [123], скорость [10.0] 
2023-12-25 02:36:22,489 DEBUG Horse: Создание Horse, имя [1234], скорость [2.0] 
2023-12-25 02:36:22,489 DEBUG Horse: Создание Horse, имя [12345], скорость [4.0] 
2023-12-25 02:36:22,489 DEBUG Horse: Создание Horse, имя [123456], скорость [6.0] 
2023-12-25 02:36:22,489 DEBUG Hippodrome: Создание Hippodrome, лошадей [5] 
2023-12-25 02:36:22,522 DEBUG Hippodrome: Создание Hippodrome, лошадей [50] 
2023-12-25 02:36:22,534 ERROR Hippodrome: Horses list is empty 
2023-12-25 02:36:22,536 DEBUG Horse: Создание Horse, имя [0.2956081823544855], скорость [0.9411202787891233] 
2023-12-25 02:36:22,536 DEBUG Horse: Создание Horse, имя [0.9878394706210645], скорость [0.9356157081903984] 
2023-12-25 02:36:22,536 DEBUG Horse: Создание Horse, имя [0.9432667806373282], скорость [0.43975280961796814] 
2023-12-25 02:36:22,537 DEBUG Horse: Создание Horse, имя [0.1866768358186779], скорость [0.16837631153972787] 
2023-12-25 02:36:22,537 DEBUG Horse: Создание Horse, имя [0.5070415337390822], скорость [0.4540222849185662] 
2023-12-25 02:36:22,537 DEBUG Horse: Создание Horse, имя [0.9556654639346251], скорость [0.6560125918824116] 
2023-12-25 02:36:22,537 DEBUG Horse: Создание Horse, имя [0.14240629841898067], скорость [0.7907586239985558] 
2023-12-25 02:36:22,537 DEBUG Horse: Создание Horse, имя [0.9253334308315448], скорость [0.1764069672571571] 
2023-12-25 02:36:22,537 DEBUG Horse: Создание Horse, имя [0.26890590262771363], скорость [0.6712291871869721] 
2023-12-25 02:36:22,537 DEBUG Horse: Создание Horse, имя [0.9888207215711949], скорость [0.46032483164390037] 
2023-12-25 02:36:22,537 DEBUG Horse: Создание Horse, имя [0.15513074556433726], скорость [0.1281318252962227] 
2023-12-25 02:36:22,537 DEBUG Horse: Создание Horse, имя [0.529030225874792], скорость [0.47264250761782167] 
2023-12-25 02:36:22,537 DEBUG Horse: Создание Horse, имя [0.3990620858853908], скорость [0.6587157251371822] 
2023-12-25 02:36:22,537 DEBUG Horse: Создание Horse, имя [0.29386516010871866], скорость [0.18769747874688736] 
2023-12-25 02:36:22,537 DEBUG Horse: Создание Horse, имя [0.024552509948184253], скорость [0.4724233373391463] 
2023-12-25 02:36:22,537 DEBUG Horse: Создание Horse, имя [0.9518355495807972], скорость [0.39186513328685957] 
2023-12-25 02:36:22,537 DEBUG Horse: Создание Horse, имя [0.42450676818941824], скорость [0.28833223789477425] 
2023-12-25 02:36:22,537 DEBUG Horse: Создание Horse, имя [0.5182791156042631], скорость [0.017326508959376485] 
2023-12-25 02:36:22,537 DEBUG Horse: Создание Horse, имя [0.189650346460704], скорость [0.8182220468985374] 
2023-12-25 02:36:22,537 DEBUG Horse: Создание Horse, имя [0.7857441475507554], скорость [0.4112329388332132] 
2023-12-25 02:36:22,537 DEBUG Horse: Создание Horse, имя [0.04772152372931415], скорость [0.6209607859656097] 
2023-12-25 02:36:22,538 DEBUG Horse: Создание Horse, имя [0.06701249741739002], скорость [0.13444934829762634] 
2023-12-25 02:36:22,538 DEBUG Horse: Создание Horse, имя [0.5774696777063266], скорость [0.41063729440041075] 
2023-12-25 02:36:22,538 DEBUG Horse: Создание Horse, имя [0.8339636734035887], скорость [0.020994300732087412] 
2023-12-25 02:36:22,538 DEBUG Horse: Создание Horse, имя [0.9778455811890916], скорость [0.54387608320572] 
2023-12-25 02:36:22,538 DEBUG Horse: Создание Horse, имя [0.7500361810352919], скорость [0.5172927123244961] 
2023-12-25 02:36:22,538 DEBUG Horse: Создание Horse, имя [0.1849480243691326], скорость [0.8723452435009953] 
2023-12-25 02:36:22,538 DEBUG Horse: Создание Horse, имя [0.6103417097670603], скорость [0.7603946056299569] 
2023-12-25 02:36:22,538 DEBUG Horse: Создание Horse, имя [0.8042533921564572], скорость [0.4177738554377667] 
2023-12-25 02:36:22,538 DEBUG Horse: Создание Horse, имя [0.4553231537259025], скорость [0.49423917824729746] 
2023-12-25 02:36:22,538 DEBUG Hippodrome: Создание Hippodrome, лошадей [30] 
2023-12-25 02:36:22,539 ERROR Hippodrome: Horses list is null 
2023-12-25 02:36:36,888 DEBUG Horse: Создание Horse, имя [HEKOHb], скорость [12.0] 
2023-12-25 02:36:36,892 ERROR Horse: Name is null 
2023-12-25 02:36:36,909 ERROR Horse: Name is blank 
2023-12-25 02:36:36,912 ERROR Horse: Name is blank 
2023-12-25 02:36:36,913 ERROR Horse: Name is blank 
2023-12-25 02:36:36,915 ERROR Horse: Name is blank 
2023-12-25 02:36:36,916 ERROR Horse: Name is blank 
2023-12-25 02:36:36,918 ERROR Horse: Name is blank 
2023-12-25 02:36:36,920 ERROR Horse: Name is blank 
2023-12-25 02:36:37,347 DEBUG Horse: Создание Horse, имя [KOHb], скорость [15.0] 
2023-12-25 02:36:37,359 DEBUG Horse: Создание Horse, имя [KOHb], скорость [15.0] 
2023-12-25 02:36:37,363 DEBUG Horse: Создание Horse, имя [KOHb], скорость [15.0] 
2023-12-25 02:36:37,366 DEBUG Horse: Создание Horse, имя [KOHb], скорость [15.0] 
2023-12-25 02:36:37,369 DEBUG Horse: Создание Horse, имя [KOHb], скорость [15.0] 
2023-12-25 02:36:37,372 DEBUG Horse: Создание Horse, имя [KOHb], скорость [15.0] 
2023-12-25 02:36:37,374 ERROR Horse: Speed is negative 
2023-12-25 02:36:37,376 ERROR Horse: Speed is negative 
2023-12-25 02:36:37,377 DEBUG Horse: Создание Horse, имя [HEKOHb], скорость [12.0] 
2023-12-25 02:36:37,379 DEBUG Horse: Создание Horse, имя [HEKOHb], скорость [12.0] 
2023-12-25 02:36:37,383 ERROR Horse: Name is blank 
2023-12-25 02:36:37,385 ERROR Horse: Name is blank 
2023-12-25 02:36:37,386 ERROR Horse: Name is blank 
2023-12-25 02:36:37,388 ERROR Horse: Name is blank 
2023-12-25 02:36:37,390 ERROR Horse: Name is blank 
2023-12-25 02:36:37,391 ERROR Horse: Name is blank 
2023-12-25 02:36:37,393 ERROR Horse: Name is blank 
2023-12-25 02:36:37,394 ERROR Horse: Distance is negative 
2023-12-25 02:36:37,396 ERROR Horse: Name is null 
2023-12-25 02:36:37,397 ERROR Horse: Distance is negative 
2023-12-25 02:36:37,398 DEBUG Horse: Создание Horse, имя [KOHb], скорость [443.0] 
2023-12-25 02:36:37,400 DEBUG Horse: Создание Horse, имя [HEKOHb], скорость [12.0] 
2023-12-25 02:36:37,406 ERROR Hippodrome: Horses list is empty 
2023-12-25 02:36:37,408 ERROR Hippodrome: Horses list is null 
2023-12-25 02:36:37,409 DEBUG Horse: Создание Horse, имя [12], скорость [12.0] 
2023-12-25 02:36:37,409 DEBUG Horse: Создание Horse, имя [123], скорость [10.0] 
2023-12-25 02:36:37,409 DEBUG Horse: Создание Horse, имя [1234], скорость [2.0] 
2023-12-25 02:36:37,409 DEBUG Horse: Создание Horse, имя [12345], скорость [4.0] 
2023-12-25 02:36:37,409 DEBUG Horse: Создание Horse, имя [123456], скорость [6.0] 
2023-12-25 02:36:37,410 DEBUG Hippodrome: Создание Hippodrome, лошадей [5] 
2023-12-25 02:36:37,443 DEBUG Hippodrome: Создание Hippodrome, лошадей [50] 
2023-12-25 02:36:37,457 ERROR Hippodrome: Horses list is empty 
2023-12-25 02:36:37,459 DEBUG Horse: Создание Horse, имя [0.3014076759818589], скорость [0.6173724120282399] 
2023-12-25 02:36:37,459 DEBUG Horse: Создание Horse, имя [0.9576103125026028], скорость [0.8676977890727802] 
2023-12-25 02:36:37,459 DEBUG Horse: Создание Horse, имя [0.31714781726033037], скорость [0.8111730087795914] 
2023-12-25 02:36:37,459 DEBUG Horse: Создание Horse, имя [0.6263673227425426], скорость [0.2860049411790684] 
2023-12-25 02:36:37,459 DEBUG Horse: Создание Horse, имя [0.9495138948077326], скорость [0.5898947711302053] 
2023-12-25 02:36:37,459 DEBUG Horse: Создание Horse, имя [0.037869204591391536], скорость [0.8761700323597529] 
2023-12-25 02:36:37,459 DEBUG Horse: Создание Horse, имя [0.9351360090826528], скорость [0.6384076275090054] 
2023-12-25 02:36:37,460 DEBUG Horse: Создание Horse, имя [0.9170656971720759], скорость [0.9975464583289583] 
2023-12-25 02:36:37,460 DEBUG Horse: Создание Horse, имя [0.40318048303191145], скорость [0.3096850617362158] 
2023-12-25 02:36:37,460 DEBUG Horse: Создание Horse, имя [0.7884841254170155], скорость [0.7210840985957585] 
2023-12-25 02:36:37,460 DEBUG Horse: Создание Horse, имя [0.4121163221700944], скорость [0.4372129626167581] 
2023-12-25 02:36:37,460 DEBUG Horse: Создание Horse, имя [0.9834504141072398], скорость [0.7628101601192426] 
2023-12-25 02:36:37,460 DEBUG Horse: Создание Horse, имя [0.7150382355234379], скорость [0.09493311882300692] 
2023-12-25 02:36:37,460 DEBUG Horse: Создание Horse, имя [0.3959540811166533], скорость [0.6470270665409821] 
2023-12-25 02:36:37,460 DEBUG Horse: Создание Horse, имя [0.9071937006715609], скорость [0.274467195176027] 
2023-12-25 02:36:37,460 DEBUG Horse: Создание Horse, имя [0.766607135419108], скорость [0.8339517841181151] 
2023-12-25 02:36:37,460 DEBUG Horse: Создание Horse, имя [0.5146995678060421], скорость [0.6759037641168795] 
2023-12-25 02:36:37,460 DEBUG Horse: Создание Horse, имя [0.4758418267499783], скорость [0.06233374843018524] 
2023-12-25 02:36:37,460 DEBUG Horse: Создание Horse, имя [0.8981344189593252], скорость [0.4868090698673445] 
2023-12-25 02:36:37,460 DEBUG Horse: Создание Horse, имя [0.5386467041722539], скорость [0.3854968711324769] 
2023-12-25 02:36:37,460 DEBUG Horse: Создание Horse, имя [0.4681715546699039], скорость [0.5928223074095863] 
2023-12-25 02:36:37,460 DEBUG Horse: Создание Horse, имя [0.9178575784338794], скорость [0.24992157321791098] 
2023-12-25 02:36:37,460 DEBUG Horse: Создание Horse, имя [0.21396074623469497], скорость [0.6075650445006097] 
2023-12-25 02:36:37,460 DEBUG Horse: Создание Horse, имя [0.41227541048410665], скорость [0.08145383481253843] 
2023-12-25 02:36:37,460 DEBUG Horse: Создание Horse, имя [0.9217408676635086], скорость [0.2118639258617272] 
2023-12-25 02:36:37,460 DEBUG Horse: Создание Horse, имя [0.27752893074684126], скорость [0.7299130050448063] 
2023-12-25 02:36:37,461 DEBUG Horse: Создание Horse, имя [0.37620876319401364], скорость [0.8815527592172198] 
2023-12-25 02:36:37,461 DEBUG Horse: Создание Horse, имя [0.7463621367209986], скорость [0.47455785600584854] 
2023-12-25 02:36:37,461 DEBUG Horse: Создание Horse, имя [0.8773949869052317], скорость [0.28536396467516123] 
2023-12-25 02:36:37,461 DEBUG Horse: Создание Horse, имя [0.6225072183868224], скорость [0.22872748499890616] 
2023-12-25 02:36:37,461 DEBUG Hippodrome: Создание Hippodrome, лошадей [30] 
2023-12-25 02:36:37,462 ERROR Hippodrome: Horses list is null 
2023-12-25 02:37:58,112 DEBUG Horse: Создание Horse, имя [HEKOHb], скорость [12.0] 
2023-12-25 02:37:58,117 ERROR Horse: Name is null 
2023-12-25 02:37:58,134 ERROR Horse: Name is blank 
2023-12-25 02:37:58,137 ERROR Horse: Name is blank 
2023-12-25 02:37:58,138 ERROR Horse: Name is blank 
2023-12-25 02:37:58,140 ERROR Horse: Name is blank 
2023-12-25 02:37:58,142 ERROR Horse: Name is blank 
2023-12-25 02:37:58,143 ERROR Horse: Name is blank 
2023-12-25 02:37:58,145 ERROR Horse: Name is blank 
2023-12-25 02:37:58,589 DEBUG Horse: Создание Horse, имя [KOHb], скорость [15.0] 
2023-12-25 02:37:58,603 DEBUG Horse: Создание Horse, имя [KOHb], скорость [15.0] 
2023-12-25 02:37:58,608 DEBUG Horse: Создание Horse, имя [KOHb], скорость [15.0] 
2023-12-25 02:37:58,613 DEBUG Horse: Создание Horse, имя [KOHb], скорость [15.0] 
2023-12-25 02:37:58,617 DEBUG Horse: Создание Horse, имя [KOHb], скорость [15.0] 
2023-12-25 02:37:58,621 DEBUG Horse: Создание Horse, имя [KOHb], скорость [15.0] 
2023-12-25 02:37:58,624 ERROR Horse: Speed is negative 
2023-12-25 02:37:58,627 ERROR Horse: Speed is negative 
2023-12-25 02:37:58,628 DEBUG Horse: Создание Horse, имя [HEKOHb], скорость [12.0] 
2023-12-25 02:37:58,630 DEBUG Horse: Создание Horse, имя [HEKOHb], скорость [12.0] 
2023-12-25 02:37:58,634 ERROR Horse: Name is blank 
2023-12-25 02:37:58,636 ERROR Horse: Name is blank 
2023-12-25 02:37:58,638 ERROR Horse: Name is blank 
2023-12-25 02:37:58,639 ERROR Horse: Name is blank 
2023-12-25 02:37:58,641 ERROR Horse: Name is blank 
2023-12-25 02:37:58,642 ERROR Horse: Name is blank 
2023-12-25 02:37:58,643 ERROR Horse: Name is blank 
2023-12-25 02:37:58,645 ERROR Horse: Distance is negative 
2023-12-25 02:37:58,646 ERROR Horse: Name is null 
2023-12-25 02:37:58,646 ERROR Horse: Distance is negative 
2023-12-25 02:37:58,647 DEBUG Horse: Создание Horse, имя [KOHb], скорость [443.0] 
2023-12-25 02:37:58,648 DEBUG Horse: Создание Horse, имя [HEKOHb], скорость [12.0] 
2023-12-25 02:37:58,655 ERROR Hippodrome: Horses list is empty 
2023-12-25 02:37:58,656 ERROR Hippodrome: Horses list is null 
2023-12-25 02:37:58,657 DEBUG Horse: Создание Horse, имя [12], скорость [12.0] 
2023-12-25 02:37:58,657 DEBUG Horse: Создание Horse, имя [123], скорость [10.0] 
2023-12-25 02:37:58,657 DEBUG Horse: Создание Horse, имя [1234], скорость [2.0] 
2023-12-25 02:37:58,657 DEBUG Horse: Создание Horse, имя [12345], скорость [4.0] 
2023-12-25 02:37:58,657 DEBUG Horse: Создание Horse, имя [123456], скорость [6.0] 
2023-12-25 02:37:58,657 DEBUG Hippodrome: Создание Hippodrome, лошадей [5] 
2023-12-25 02:37:58,693 DEBUG Hippodrome: Создание Hippodrome, лошадей [50] 
2023-12-25 02:37:58,705 ERROR Hippodrome: Horses list is empty 
2023-12-25 02:37:58,706 DEBUG Horse: Создание Horse, имя [0.050364061286606865], скорость [0.11043249889016848] 
2023-12-25 02:37:58,706 DEBUG Horse: Создание Horse, имя [0.14903055118457553], скорость [0.5483465813278711] 
2023-12-25 02:37:58,707 DEBUG Horse: Создание Horse, имя [0.8339343525760131], скорость [0.6531723350982762] 
2023-12-25 02:37:58,707 DEBUG Horse: Создание Horse, имя [0.3519865562139608], скорость [0.2747997385577199] 
2023-12-25 02:37:58,707 DEBUG Horse: Создание Horse, имя [0.4491175002958274], скорость [0.2934135532757548] 
2023-12-25 02:37:58,707 DEBUG Horse: Создание Horse, имя [0.7108240945958022], скорость [0.6361180483968814] 
2023-12-25 02:37:58,707 DEBUG Horse: Создание Horse, имя [0.479876913483278], скорость [0.8835149887908046] 
2023-12-25 02:37:58,707 DEBUG Horse: Создание Horse, имя [0.77265564511885], скорость [0.010732042260048424] 
2023-12-25 02:37:58,707 DEBUG Horse: Создание Horse, имя [0.07545127606062119], скорость [0.706592790472508] 
2023-12-25 02:37:58,707 DEBUG Horse: Создание Horse, имя [0.8972431036907093], скорость [0.43359310364444525] 
2023-12-25 02:37:58,707 DEBUG Horse: Создание Horse, имя [0.5519279630597357], скорость [0.8276836703650096] 
2023-12-25 02:37:58,707 DEBUG Horse: Создание Horse, имя [0.09162162022298403], скорость [0.7609841630647569] 
2023-12-25 02:37:58,707 DEBUG Horse: Создание Horse, имя [0.8671357367140258], скорость [0.4348654354088498] 
2023-12-25 02:37:58,707 DEBUG Horse: Создание Horse, имя [0.008007173364793507], скорость [0.8308311291607875] 
2023-12-25 02:37:58,707 DEBUG Horse: Создание Horse, имя [0.5794113886290445], скорость [0.7979618259909985] 
2023-12-25 02:37:58,707 DEBUG Horse: Создание Horse, имя [0.2290563699396374], скорость [0.7597931725634968] 
2023-12-25 02:37:58,707 DEBUG Horse: Создание Horse, имя [0.6361194824977949], скорость [0.11320966450609637] 
2023-12-25 02:37:58,707 DEBUG Horse: Создание Horse, имя [0.9188344331254785], скорость [0.6972161589432693] 
2023-12-25 02:37:58,707 DEBUG Horse: Создание Horse, имя [0.9468477241699178], скорость [0.602184937128246] 
2023-12-25 02:37:58,708 DEBUG Horse: Создание Horse, имя [0.6311091493772597], скорость [0.1956676506108902] 
2023-12-25 02:37:58,708 DEBUG Horse: Создание Horse, имя [0.8674384784563213], скорость [0.5824088714888543] 
2023-12-25 02:37:58,708 DEBUG Horse: Создание Horse, имя [0.7194842440409234], скорость [0.3279596111584664] 
2023-12-25 02:37:58,708 DEBUG Horse: Создание Horse, имя [0.18980070495379697], скорость [0.5373007071634649] 
2023-12-25 02:37:58,708 DEBUG Horse: Создание Horse, имя [0.23895877385474285], скорость [0.797909431352809] 
2023-12-25 02:37:58,708 DEBUG Horse: Создание Horse, имя [0.031004881370006565], скорость [0.3682997149985163] 
2023-12-25 02:37:58,708 DEBUG Horse: Создание Horse, имя [0.2401600565675206], скорость [0.3700656703859756] 
2023-12-25 02:37:58,708 DEBUG Horse: Создание Horse, имя [0.7225942880064596], скорость [0.31770646802615377] 
2023-12-25 02:37:58,708 DEBUG Horse: Создание Horse, имя [0.8820380686448342], скорость [0.8425851059159888] 
2023-12-25 02:37:58,708 DEBUG Horse: Создание Horse, имя [0.7933293977615621], скорость [0.484636947920153] 
2023-12-25 02:37:58,708 DEBUG Horse: Создание Horse, имя [0.19439105760277708], скорость [0.6646185085685576] 
2023-12-25 02:37:58,708 DEBUG Hippodrome: Создание Hippodrome, лошадей [30] 
2023-12-25 02:37:58,710 ERROR Hippodrome: Horses list is null 
2023-12-25 02:47:52,825 DEBUG Horse: Создание Horse, имя [HEKOHb], скорость [12.0] 
2023-12-25 02:47:52,830 ERROR Horse: Name is null 
2023-12-25 02:47:52,852 ERROR Horse: Name is blank 
2023-12-25 02:47:52,855 ERROR Horse: Name is blank 
2023-12-25 02:47:52,856 ERROR Horse: Name is blank 
2023-12-25 02:47:52,858 ERROR Horse: Name is blank 
2023-12-25 02:47:52,859 ERROR Horse: Name is blank 
2023-12-25 02:47:52,862 ERROR Horse: Name is blank 
2023-12-25 02:47:52,863 ERROR Horse: Name is blank 
2023-12-25 02:47:53,322 DEBUG Horse: Создание Horse, имя [KOHb], скорость [15.0] 
2023-12-25 02:47:53,336 DEBUG Horse: Создание Horse, имя [KOHb], скорость [15.0] 
2023-12-25 02:47:53,339 DEBUG Horse: Создание Horse, имя [KOHb], скорость [15.0] 
2023-12-25 02:47:53,343 DEBUG Horse: Создание Horse, имя [KOHb], скорость [15.0] 
2023-12-25 02:47:53,347 DEBUG Horse: Создание Horse, имя [KOHb], скорость [15.0] 
2023-12-25 02:47:53,351 DEBUG Horse: Создание Horse, имя [KOHb], скорость [15.0] 
2023-12-25 02:47:53,354 ERROR Horse: Speed is negative 
2023-12-25 02:47:53,355 ERROR Horse: Speed is negative 
2023-12-25 02:47:53,357 DEBUG Horse: Создание Horse, имя [HEKOHb], скорость [12.0] 
2023-12-25 02:47:53,358 DEBUG Horse: Создание Horse, имя [HEKOHb], скорость [12.0] 
2023-12-25 02:47:53,362 ERROR Horse: Name is blank 
2023-12-25 02:47:53,365 ERROR Horse: Name is blank 
2023-12-25 02:47:53,367 ERROR Horse: Name is blank 
2023-12-25 02:47:53,369 ERROR Horse: Name is blank 
2023-12-25 02:47:53,371 ERROR Horse: Name is blank 
2023-12-25 02:47:53,372 ERROR Horse: Name is blank 
2023-12-25 02:47:53,373 ERROR Horse: Name is blank 
2023-12-25 02:47:53,375 ERROR Horse: Distance is negative 
2023-12-25 02:47:53,376 ERROR Horse: Name is null 
2023-12-25 02:47:53,377 ERROR Horse: Distance is negative 
2023-12-25 02:47:53,377 DEBUG Horse: Создание Horse, имя [KOHb], скорость [443.0] 
2023-12-25 02:47:53,379 DEBUG Horse: Создание Horse, имя [HEKOHb], скорость [12.0] 
2023-12-25 02:47:53,385 ERROR Hippodrome: Horses list is empty 
2023-12-25 02:47:53,386 ERROR Hippodrome: Horses list is null 
2023-12-25 02:47:53,387 DEBUG Horse: Создание Horse, имя [12], скорость [12.0] 
2023-12-25 02:47:53,387 DEBUG Horse: Создание Horse, имя [123], скорость [10.0] 
2023-12-25 02:47:53,387 DEBUG Horse: Создание Horse, имя [1234], скорость [2.0] 
2023-12-25 02:47:53,387 DEBUG Horse: Создание Horse, имя [12345], скорость [4.0] 
2023-12-25 02:47:53,387 DEBUG Horse: Создание Horse, имя [123456], скорость [6.0] 
2023-12-25 02:47:53,387 DEBUG Hippodrome: Создание Hippodrome, лошадей [5] 
2023-12-25 02:47:53,429 DEBUG Hippodrome: Создание Hippodrome, лошадей [50] 
2023-12-25 02:47:53,442 ERROR Hippodrome: Horses list is empty 
2023-12-25 02:47:53,444 DEBUG Horse: Создание Horse, имя [0.9491499895248133], скорость [0.3193788017956123] 
2023-12-25 02:47:53,444 DEBUG Horse: Создание Horse, имя [0.018913838788269133], скорость [0.8397381542777156] 
2023-12-25 02:47:53,444 DEBUG Horse: Создание Horse, имя [0.7159470929071605], скорость [0.3001161343976212] 
2023-12-25 02:47:53,444 DEBUG Horse: Создание Horse, имя [0.7149548952418326], скорость [0.2003971852844565] 
2023-12-25 02:47:53,444 DEBUG Horse: Создание Horse, имя [0.07184080322167707], скорость [0.7684278283953674] 
2023-12-25 02:47:53,444 DEBUG Horse: Создание Horse, имя [0.9130880857748077], скорость [0.5345628285044138] 
2023-12-25 02:47:53,444 DEBUG Horse: Создание Horse, имя [0.593193824613484], скорость [0.9036405914656561] 
2023-12-25 02:47:53,444 DEBUG Horse: Создание Horse, имя [0.3333468582399737], скорость [0.787897492315948] 
2023-12-25 02:47:53,444 DEBUG Horse: Создание Horse, имя [0.9586051614060984], скорость [0.9160312015456096] 
2023-12-25 02:47:53,444 DEBUG Horse: Создание Horse, имя [0.28158410196153505], скорость [0.86692122604716] 
2023-12-25 02:47:53,444 DEBUG Horse: Создание Horse, имя [0.36340427209196724], скорость [0.5895492339862742] 
2023-12-25 02:47:53,444 DEBUG Horse: Создание Horse, имя [0.5297882552256497], скорость [0.26905112528788566] 
2023-12-25 02:47:53,444 DEBUG Horse: Создание Horse, имя [0.8186110105869825], скорость [0.8951993657676197] 
2023-12-25 02:47:53,444 DEBUG Horse: Создание Horse, имя [0.46000173497753893], скорость [0.4319210245353031] 
2023-12-25 02:47:53,444 DEBUG Horse: Создание Horse, имя [0.2331271359770517], скорость [0.38467586691430455] 
2023-12-25 02:47:53,445 DEBUG Horse: Создание Horse, имя [0.6389806551075301], скорость [0.726923593657995] 
2023-12-25 02:47:53,445 DEBUG Horse: Создание Horse, имя [0.8997147360104427], скорость [0.6450278311687105] 
2023-12-25 02:47:53,445 DEBUG Horse: Создание Horse, имя [0.9460149401954854], скорость [0.8439266157159211] 
2023-12-25 02:47:53,445 DEBUG Horse: Создание Horse, имя [0.2636674730876428], скорость [0.5988761879370231] 
2023-12-25 02:47:53,445 DEBUG Horse: Создание Horse, имя [0.9506877894233692], скорость [0.9832322205159665] 
2023-12-25 02:47:53,445 DEBUG Horse: Создание Horse, имя [0.15287428925059365], скорость [0.3836968953666776] 
2023-12-25 02:47:53,445 DEBUG Horse: Создание Horse, имя [0.8966134512587413], скорость [0.19820450634736686] 
2023-12-25 02:47:53,445 DEBUG Horse: Создание Horse, имя [0.7284684073367815], скорость [0.06000038223170834] 
2023-12-25 02:47:53,445 DEBUG Horse: Создание Horse, имя [0.21654688834059832], скорость [0.5630955218293944] 
2023-12-25 02:47:53,445 DEBUG Horse: Создание Horse, имя [0.5000823785819837], скорость [0.46331981395077937] 
2023-12-25 02:47:53,445 DEBUG Horse: Создание Horse, имя [0.4182799295136892], скорость [0.7053337501250427] 
2023-12-25 02:47:53,445 DEBUG Horse: Создание Horse, имя [0.7968985161348923], скорость [0.21959058790544916] 
2023-12-25 02:47:53,445 DEBUG Horse: Создание Horse, имя [0.7333694545660516], скорость [0.004162836324870023] 
2023-12-25 02:47:53,445 DEBUG Horse: Создание Horse, имя [0.03757686511843927], скорость [0.7379563833112257] 
2023-12-25 02:47:53,445 DEBUG Horse: Создание Horse, имя [0.5153061295483033], скорость [0.2666610833611476] 
2023-12-25 02:47:53,445 DEBUG Hippodrome: Создание Hippodrome, лошадей [30] 
2023-12-25 02:47:53,446 ERROR Hippodrome: Horses list is null 
2023-12-25 02:48:04,255 DEBUG Horse: Создание Horse, имя [Bucephalus], скорость [2.4] 
2023-12-25 02:48:04,256 DEBUG Horse: Создание Horse, имя [Ace of Spades], скорость [2.5] 
2023-12-25 02:48:04,256 DEBUG Horse: Создание Horse, имя [Zephyr], скорость [2.6] 
2023-12-25 02:48:04,256 DEBUG Horse: Создание Horse, имя [Blaze], скорость [2.7] 
2023-12-25 02:48:04,256 DEBUG Horse: Создание Horse, имя [Lobster], скорость [2.8] 
2023-12-25 02:48:04,256 DEBUG Horse: Создание Horse, имя [Pegasus], скорость [2.9] 
2023-12-25 02:48:04,256 DEBUG Horse: Создание Horse, имя [Cherry], скорость [3.0] 
2023-12-25 02:48:04,257 DEBUG Hippodrome: Создание Hippodrome, лошадей [7] 
2023-12-25 02:48:04,257 INFO  Main: Начало скачек. Количество участников: 7 
2023-12-25 02:48:06,302 INFO  Main: Окончание скачек. Победитель: Zephyr 
2023-12-25 02:49:02,128 DEBUG Horse: Создание Horse, имя [Bucephalus], скорость [2.4] 
2023-12-25 02:49:02,129 DEBUG Horse: Создание Horse, имя [Ace of Spades], скорость [2.5] 
2023-12-25 02:49:02,130 DEBUG Horse: Создание Horse, имя [Zephyr], скорость [2.6] 
2023-12-25 02:49:02,130 DEBUG Horse: Создание Horse, имя [Blaze], скорость [2.7] 
2023-12-25 02:49:02,130 DEBUG Horse: Создание Horse, имя [Lobster], скорость [2.8] 
2023-12-25 02:49:02,130 DEBUG Horse: Создание Horse, имя [Pegasus], скорость [2.9] 
2023-12-25 02:49:02,130 DEBUG Horse: Создание Horse, имя [Cherry], скорость [3.0] 
2023-12-25 02:49:02,130 DEBUG Hippodrome: Создание Hippodrome, лошадей [7] 
2023-12-25 02:49:02,130 INFO  Main: Начало скачек. Количество участников: 7 
2023-12-25 02:49:04,177 INFO  Main: Окончание скачек. Победитель: Zephyr 
2023-12-25 02:50:28,641 DEBUG Horse: Создание Horse, имя [Bucephalus], скорость [2.4] 
2023-12-25 02:50:28,642 DEBUG Horse: Создание Horse, имя [Ace of Spades], скорость [2.5] 
2023-12-25 02:50:28,643 DEBUG Horse: Создание Horse, имя [Zephyr], скорость [2.6] 
2023-12-25 02:50:28,643 DEBUG Horse: Создание Horse, имя [Blaze], скорость [2.7] 
2023-12-25 02:50:28,643 DEBUG Horse: Создание Horse, имя [Lobster], скорость [2.8] 
2023-12-25 02:50:28,643 DEBUG Horse: Создание Horse, имя [Pegasus], скорость [2.9] 
2023-12-25 02:50:28,643 DEBUG Horse: Создание Horse, имя [Cherry], скорость [3.0] 
2023-12-25 02:50:28,643 DEBUG Hippodrome: Создание Hippodrome, лошадей [7] 
2023-12-25 02:50:28,643 INFO  Main: Начало скачек. Количество участников: 7 
2023-12-25 02:50:30,699 INFO  Main: Окончание скачек. Победитель: Zephyr 
